<?xml version="1.0" encoding="UTF-8"?>
<testsuite xmlns:xsi="http://www.w3.org/2001/XMLSchema-instance" xsi:noNamespaceSchemaLocation="https://maven.apache.org/surefire/maven-surefire-plugin/xsd/surefire-test-report.xsd" name="com.wwy.userTest.UserTest" time="0.004" tests="1" errors="0" skipped="0" failures="0">
  <properties>
    <property name="sun.desktop" value="windows"/>
    <property name="awt.toolkit" value="sun.awt.windows.WToolkit"/>
    <property name="file.encoding.pkg" value="sun.io"/>
    <property name="java.specification.version" value="1.8"/>
    <property name="sun.cpu.isalist" value="amd64"/>
    <property name="sun.jnu.encoding" value="GBK"/>
    <property name="java.class.path" value="F:\Users\Administrator\git\SpringCloud\jt\jt-user\target\test-classes;F:\Users\Administrator\git\SpringCloud\jt\jt-user\target\classes;F:\Users\Administrator\git\SpringCloud\jt\jt-common\target\jt-common-0.0.1-SNAPSHOT.jar;C:\Users\Administrator\maven\repository\redis\clients\jedis\3.1.0\jedis-3.1.0.jar;C:\Users\Administrator\maven\repository\org\apache\commons\commons-pool2\2.7.0\commons-pool2-2.7.0.jar;C:\Users\Administrator\maven\repository\org\apache\commons\commons-lang3\3.9\commons-lang3-3.9.jar;C:\Users\Administrator\maven\repository\com\alibaba\fastjson\1.2.4\fastjson-1.2.4.jar;C:\Users\Administrator\maven\repository\org\springframework\cloud\spring-cloud-starter-netflix-eureka-client\2.2.1.RELEASE\spring-cloud-starter-netflix-eureka-client-2.2.1.RELEASE.jar;C:\Users\Administrator\maven\repository\org\springframework\cloud\spring-cloud-netflix-eureka-client\2.2.1.RELEASE\spring-cloud-netflix-eureka-client-2.2.1.RELEASE.jar;C:\Users\Administrator\maven\repository\com\netflix\eureka\eureka-client\1.9.13\eureka-client-1.9.13.jar;C:\Users\Administrator\maven\repository\org\codehaus\jettison\jettison\1.3.7\jettison-1.3.7.jar;C:\Users\Administrator\maven\repository\stax\stax-api\1.0.1\stax-api-1.0.1.jar;C:\Users\Administrator\maven\repository\com\netflix\netflix-commons\netflix-eventbus\0.3.0\netflix-eventbus-0.3.0.jar;C:\Users\Administrator\maven\repository\com\netflix\netflix-commons\netflix-infix\0.3.0\netflix-infix-0.3.0.jar;C:\Users\Administrator\maven\repository\commons-jxpath\commons-jxpath\1.3\commons-jxpath-1.3.jar;C:\Users\Administrator\maven\repository\joda-time\joda-time\2.10.5\joda-time-2.10.5.jar;C:\Users\Administrator\maven\repository\org\antlr\antlr-runtime\3.4\antlr-runtime-3.4.jar;C:\Users\Administrator\maven\repository\org\antlr\stringtemplate\3.2.1\stringtemplate-3.2.1.jar;C:\Users\Administrator\maven\repository\antlr\antlr\2.7.7\antlr-2.7.7.jar;C:\Users\Administrator\maven\repository\com\google\code\gson\gson\2.8.6\gson-2.8.6.jar;C:\Users\Administrator\maven\repository\org\apache\commons\commons-math\2.2\commons-math-2.2.jar;C:\Users\Administrator\maven\repository\javax\ws\rs\jsr311-api\1.1.1\jsr311-api-1.1.1.jar;C:\Users\Administrator\maven\repository\com\netflix\servo\servo-core\0.12.21\servo-core-0.12.21.jar;C:\Users\Administrator\maven\repository\com\sun\jersey\jersey-core\1.19.1\jersey-core-1.19.1.jar;C:\Users\Administrator\maven\repository\com\sun\jersey\jersey-client\1.19.1\jersey-client-1.19.1.jar;C:\Users\Administrator\maven\repository\com\sun\jersey\contribs\jersey-apache-client4\1.19.1\jersey-apache-client4-1.19.1.jar;C:\Users\Administrator\maven\repository\org\apache\httpcomponents\httpclient\4.5.10\httpclient-4.5.10.jar;C:\Users\Administrator\maven\repository\org\apache\httpcomponents\httpcore\4.4.13\httpcore-4.4.13.jar;C:\Users\Administrator\maven\repository\com\google\inject\guice\4.1.0\guice-4.1.0.jar;C:\Users\Administrator\maven\repository\javax\inject\javax.inject\1\javax.inject-1.jar;C:\Users\Administrator\maven\repository\aopalliance\aopalliance\1.0\aopalliance-1.0.jar;C:\Users\Administrator\maven\repository\com\netflix\eureka\eureka-core\1.9.13\eureka-core-1.9.13.jar;C:\Users\Administrator\maven\repository\com\fasterxml\woodstox\woodstox-core\5.2.1\woodstox-core-5.2.1.jar;C:\Users\Administrator\maven\repository\org\codehaus\woodstox\stax2-api\4.2\stax2-api-4.2.jar;C:\Users\Administrator\maven\repository\org\springframework\cloud\spring-cloud-starter-netflix-ribbon\2.2.1.RELEASE\spring-cloud-starter-netflix-ribbon-2.2.1.RELEASE.jar;C:\Users\Administrator\maven\repository\com\netflix\ribbon\ribbon\2.3.0\ribbon-2.3.0.jar;C:\Users\Administrator\maven\repository\com\netflix\ribbon\ribbon-transport\2.3.0\ribbon-transport-2.3.0.jar;C:\Users\Administrator\maven\repository\io\reactivex\rxnetty-contexts\0.4.9\rxnetty-contexts-0.4.9.jar;C:\Users\Administrator\maven\repository\io\reactivex\rxnetty-servo\0.4.9\rxnetty-servo-0.4.9.jar;C:\Users\Administrator\maven\repository\io\reactivex\rxnetty\0.4.9\rxnetty-0.4.9.jar;C:\Users\Administrator\maven\repository\com\netflix\ribbon\ribbon-core\2.3.0\ribbon-core-2.3.0.jar;C:\Users\Administrator\maven\repository\com\netflix\ribbon\ribbon-httpclient\2.3.0\ribbon-httpclient-2.3.0.jar;C:\Users\Administrator\maven\repository\commons-collections\commons-collections\3.2.2\commons-collections-3.2.2.jar;C:\Users\Administrator\maven\repository\com\netflix\netflix-commons\netflix-commons-util\0.3.0\netflix-commons-util-0.3.0.jar;C:\Users\Administrator\maven\repository\com\netflix\ribbon\ribbon-loadbalancer\2.3.0\ribbon-loadbalancer-2.3.0.jar;C:\Users\Administrator\maven\repository\com\netflix\netflix-commons\netflix-statistics\0.1.1\netflix-statistics-0.1.1.jar;C:\Users\Administrator\maven\repository\org\springframework\cloud\spring-cloud-starter-loadbalancer\2.2.1.RELEASE\spring-cloud-starter-loadbalancer-2.2.1.RELEASE.jar;C:\Users\Administrator\maven\repository\org\springframework\cloud\spring-cloud-loadbalancer\2.2.1.RELEASE\spring-cloud-loadbalancer-2.2.1.RELEASE.jar;C:\Users\Administrator\maven\repository\io\projectreactor\addons\reactor-extra\3.3.2.RELEASE\reactor-extra-3.3.2.RELEASE.jar;C:\Users\Administrator\maven\repository\org\springframework\boot\spring-boot-starter-cache\2.2.3.RELEASE\spring-boot-starter-cache-2.2.3.RELEASE.jar;C:\Users\Administrator\maven\repository\com\stoyanr\evictor\1.0.0\evictor-1.0.0.jar;C:\Users\Administrator\maven\repository\com\netflix\ribbon\ribbon-eureka\2.3.0\ribbon-eureka-2.3.0.jar;C:\Users\Administrator\maven\repository\com\thoughtworks\xstream\xstream\1.4.11.1\xstream-1.4.11.1.jar;C:\Users\Administrator\maven\repository\xmlpull\xmlpull\1.1.3.1\xmlpull-1.1.3.1.jar;C:\Users\Administrator\maven\repository\xpp3\xpp3_min\1.1.4c\xpp3_min-1.1.4c.jar;C:\Users\Administrator\maven\repository\org\springframework\boot\spring-boot-starter-web\2.2.3.RELEASE\spring-boot-starter-web-2.2.3.RELEASE.jar;C:\Users\Administrator\maven\repository\org\springframework\boot\spring-boot-starter-json\2.2.3.RELEASE\spring-boot-starter-json-2.2.3.RELEASE.jar;C:\Users\Administrator\maven\repository\com\fasterxml\jackson\datatype\jackson-datatype-jdk8\2.10.2\jackson-datatype-jdk8-2.10.2.jar;C:\Users\Administrator\maven\repository\com\fasterxml\jackson\module\jackson-module-parameter-names\2.10.2\jackson-module-parameter-names-2.10.2.jar;C:\Users\Administrator\maven\repository\org\springframework\boot\spring-boot-starter-tomcat\2.2.3.RELEASE\spring-boot-starter-tomcat-2.2.3.RELEASE.jar;C:\Users\Administrator\maven\repository\org\apache\tomcat\embed\tomcat-embed-core\9.0.30\tomcat-embed-core-9.0.30.jar;C:\Users\Administrator\maven\repository\org\apache\tomcat\embed\tomcat-embed-el\9.0.30\tomcat-embed-el-9.0.30.jar;C:\Users\Administrator\maven\repository\org\apache\tomcat\embed\tomcat-embed-websocket\9.0.30\tomcat-embed-websocket-9.0.30.jar;C:\Users\Administrator\maven\repository\org\springframework\boot\spring-boot-starter-validation\2.2.3.RELEASE\spring-boot-starter-validation-2.2.3.RELEASE.jar;C:\Users\Administrator\maven\repository\jakarta\validation\jakarta.validation-api\2.0.2\jakarta.validation-api-2.0.2.jar;C:\Users\Administrator\maven\repository\org\hibernate\validator\hibernate-validator\6.0.18.Final\hibernate-validator-6.0.18.Final.jar;C:\Users\Administrator\maven\repository\org\jboss\logging\jboss-logging\3.4.1.Final\jboss-logging-3.4.1.Final.jar;C:\Users\Administrator\maven\repository\org\springframework\spring-webmvc\5.2.3.RELEASE\spring-webmvc-5.2.3.RELEASE.jar;C:\Users\Administrator\maven\repository\org\springframework\spring-expression\5.2.3.RELEASE\spring-expression-5.2.3.RELEASE.jar;C:\Users\Administrator\maven\repository\org\projectlombok\lombok\1.18.10\lombok-1.18.10.jar;C:\Users\Administrator\maven\repository\org\springframework\boot\spring-boot-starter-test\2.2.3.RELEASE\spring-boot-starter-test-2.2.3.RELEASE.jar;C:\Users\Administrator\maven\repository\org\springframework\boot\spring-boot-test\2.2.3.RELEASE\spring-boot-test-2.2.3.RELEASE.jar;C:\Users\Administrator\maven\repository\org\springframework\boot\spring-boot-test-autoconfigure\2.2.3.RELEASE\spring-boot-test-autoconfigure-2.2.3.RELEASE.jar;C:\Users\Administrator\maven\repository\com\jayway\jsonpath\json-path\2.4.0\json-path-2.4.0.jar;C:\Users\Administrator\maven\repository\net\minidev\json-smart\2.3\json-smart-2.3.jar;C:\Users\Administrator\maven\repository\net\minidev\accessors-smart\1.2\accessors-smart-1.2.jar;C:\Users\Administrator\maven\repository\jakarta\xml\bind\jakarta.xml.bind-api\2.3.2\jakarta.xml.bind-api-2.3.2.jar;C:\Users\Administrator\maven\repository\jakarta\activation\jakarta.activation-api\1.2.1\jakarta.activation-api-1.2.1.jar;C:\Users\Administrator\maven\repository\org\junit\jupiter\junit-jupiter\5.5.2\junit-jupiter-5.5.2.jar;C:\Users\Administrator\maven\repository\org\junit\jupiter\junit-jupiter-api\5.5.2\junit-jupiter-api-5.5.2.jar;C:\Users\Administrator\maven\repository\org\opentest4j\opentest4j\1.2.0\opentest4j-1.2.0.jar;C:\Users\Administrator\maven\repository\org\junit\platform\junit-platform-commons\1.5.2\junit-platform-commons-1.5.2.jar;C:\Users\Administrator\maven\repository\org\junit\jupiter\junit-jupiter-params\5.5.2\junit-jupiter-params-5.5.2.jar;C:\Users\Administrator\maven\repository\org\junit\jupiter\junit-jupiter-engine\5.5.2\junit-jupiter-engine-5.5.2.jar;C:\Users\Administrator\maven\repository\org\junit\vintage\junit-vintage-engine\5.5.2\junit-vintage-engine-5.5.2.jar;C:\Users\Administrator\maven\repository\org\apiguardian\apiguardian-api\1.1.0\apiguardian-api-1.1.0.jar;C:\Users\Administrator\maven\repository\org\junit\platform\junit-platform-engine\1.5.2\junit-platform-engine-1.5.2.jar;C:\Users\Administrator\maven\repository\org\mockito\mockito-junit-jupiter\3.1.0\mockito-junit-jupiter-3.1.0.jar;C:\Users\Administrator\maven\repository\org\assertj\assertj-core\3.13.2\assertj-core-3.13.2.jar;C:\Users\Administrator\maven\repository\org\hamcrest\hamcrest\2.1\hamcrest-2.1.jar;C:\Users\Administrator\maven\repository\org\mockito\mockito-core\3.1.0\mockito-core-3.1.0.jar;C:\Users\Administrator\maven\repository\net\bytebuddy\byte-buddy\1.10.6\byte-buddy-1.10.6.jar;C:\Users\Administrator\maven\repository\net\bytebuddy\byte-buddy-agent\1.10.6\byte-buddy-agent-1.10.6.jar;C:\Users\Administrator\maven\repository\org\objenesis\objenesis\2.6\objenesis-2.6.jar;C:\Users\Administrator\maven\repository\org\skyscreamer\jsonassert\1.5.0\jsonassert-1.5.0.jar;C:\Users\Administrator\maven\repository\com\vaadin\external\google\android-json\0.0.20131108.vaadin1\android-json-0.0.20131108.vaadin1.jar;C:\Users\Administrator\maven\repository\org\springframework\spring-test\5.2.3.RELEASE\spring-test-5.2.3.RELEASE.jar;C:\Users\Administrator\maven\repository\org\xmlunit\xmlunit-core\2.6.3\xmlunit-core-2.6.3.jar;C:\Users\Administrator\maven\repository\io\springfox\springfox-swagger2\2.8.0\springfox-swagger2-2.8.0.jar;C:\Users\Administrator\maven\repository\io\swagger\swagger-annotations\1.5.14\swagger-annotations-1.5.14.jar;C:\Users\Administrator\maven\repository\io\swagger\swagger-models\1.5.14\swagger-models-1.5.14.jar;C:\Users\Administrator\maven\repository\io\springfox\springfox-spi\2.8.0\springfox-spi-2.8.0.jar;C:\Users\Administrator\maven\repository\io\springfox\springfox-core\2.8.0\springfox-core-2.8.0.jar;C:\Users\Administrator\maven\repository\io\springfox\springfox-schema\2.8.0\springfox-schema-2.8.0.jar;C:\Users\Administrator\maven\repository\io\springfox\springfox-swagger-common\2.8.0\springfox-swagger-common-2.8.0.jar;C:\Users\Administrator\maven\repository\io\springfox\springfox-spring-web\2.8.0\springfox-spring-web-2.8.0.jar;C:\Users\Administrator\maven\repository\org\reflections\reflections\0.9.11\reflections-0.9.11.jar;C:\Users\Administrator\maven\repository\org\javassist\javassist\3.21.0-GA\javassist-3.21.0-GA.jar;C:\Users\Administrator\maven\repository\com\google\guava\guava\20.0\guava-20.0.jar;C:\Users\Administrator\maven\repository\com\fasterxml\classmate\1.5.1\classmate-1.5.1.jar;C:\Users\Administrator\maven\repository\org\springframework\plugin\spring-plugin-core\1.2.0.RELEASE\spring-plugin-core-1.2.0.RELEASE.jar;C:\Users\Administrator\maven\repository\org\springframework\plugin\spring-plugin-metadata\1.2.0.RELEASE\spring-plugin-metadata-1.2.0.RELEASE.jar;C:\Users\Administrator\maven\repository\org\mapstruct\mapstruct\1.2.0.Final\mapstruct-1.2.0.Final.jar;C:\Users\Administrator\maven\repository\io\springfox\springfox-swagger-ui\2.8.0\springfox-swagger-ui-2.8.0.jar;C:\Users\Administrator\maven\repository\org\springframework\boot\spring-boot-devtools\2.2.3.RELEASE\spring-boot-devtools-2.2.3.RELEASE.jar;C:\Users\Administrator\maven\repository\com\auth0\java-jwt\3.8.2\java-jwt-3.8.2.jar;C:\Users\Administrator\maven\repository\org\springframework\boot\spring-boot-starter-redis\1.4.6.RELEASE\spring-boot-starter-redis-1.4.6.RELEASE.jar;C:\Users\Administrator\maven\repository\org\springframework\data\spring-data-redis\2.2.4.RELEASE\spring-data-redis-2.2.4.RELEASE.jar;C:\Users\Administrator\maven\repository\org\springframework\data\spring-data-keyvalue\2.2.4.RELEASE\spring-data-keyvalue-2.2.4.RELEASE.jar;C:\Users\Administrator\maven\repository\org\springframework\data\spring-data-commons\2.2.4.RELEASE\spring-data-commons-2.2.4.RELEASE.jar;C:\Users\Administrator\maven\repository\org\springframework\spring-oxm\5.2.3.RELEASE\spring-oxm-5.2.3.RELEASE.jar;C:\Users\Administrator\maven\repository\org\springframework\spring-context-support\5.2.3.RELEASE\spring-context-support-5.2.3.RELEASE.jar;C:\Users\Administrator\maven\repository\com\alibaba\druid-spring-boot-starter\1.1.9\druid-spring-boot-starter-1.1.9.jar;C:\Users\Administrator\maven\repository\org\slf4j\slf4j-api\1.7.30\slf4j-api-1.7.30.jar;C:\Users\Administrator\maven\repository\org\springframework\boot\spring-boot-autoconfigure\2.2.3.RELEASE\spring-boot-autoconfigure-2.2.3.RELEASE.jar;C:\Users\Administrator\maven\repository\mysql\mysql-connector-java\8.0.19\mysql-connector-java-8.0.19.jar;C:\Users\Administrator\maven\repository\junit\junit\4.12\junit-4.12.jar;C:\Users\Administrator\maven\repository\org\hamcrest\hamcrest-core\2.1\hamcrest-core-2.1.jar;C:\Users\Administrator\maven\repository\commons-codec\commons-codec\1.13\commons-codec-1.13.jar;C:\Users\Administrator\maven\repository\com\alibaba\druid\1.0.29\druid-1.0.29.jar;F:\CGB\javaVip\jdk1.8.0_45\jre\..\lib\jconsole.jar;F:\CGB\javaVip\jdk1.8.0_45\jre\..\lib\tools.jar;C:\Users\Administrator\maven\repository\com\baomidou\mybatis-plus\2.3\mybatis-plus-2.3.jar;C:\Users\Administrator\maven\repository\com\baomidou\mybatis-plus-support\2.3\mybatis-plus-support-2.3.jar;C:\Users\Administrator\maven\repository\com\baomidou\mybatis-plus-core\2.3\mybatis-plus-core-2.3.jar;C:\Users\Administrator\maven\repository\com\github\jsqlparser\jsqlparser\1.1\jsqlparser-1.1.jar;C:\Users\Administrator\maven\repository\com\baomidou\mybatis-plus-generate\2.3\mybatis-plus-generate-2.3.jar;C:\Users\Administrator\maven\repository\org\mybatis\spring\boot\mybatis-spring-boot-starter\1.3.2\mybatis-spring-boot-starter-1.3.2.jar;C:\Users\Administrator\maven\repository\org\springframework\boot\spring-boot-starter-jdbc\2.2.3.RELEASE\spring-boot-starter-jdbc-2.2.3.RELEASE.jar;C:\Users\Administrator\maven\repository\com\zaxxer\HikariCP\3.4.2\HikariCP-3.4.2.jar;C:\Users\Administrator\maven\repository\org\springframework\spring-jdbc\5.2.3.RELEASE\spring-jdbc-5.2.3.RELEASE.jar;C:\Users\Administrator\maven\repository\org\mybatis\spring\boot\mybatis-spring-boot-autoconfigure\1.3.2\mybatis-spring-boot-autoconfigure-1.3.2.jar;C:\Users\Administrator\maven\repository\org\mybatis\mybatis\3.4.6\mybatis-3.4.6.jar;C:\Users\Administrator\maven\repository\org\mybatis\mybatis-spring\1.3.2\mybatis-spring-1.3.2.jar;C:\Users\Administrator\maven\repository\org\springframework\cloud\spring-cloud-starter-openfeign\2.2.1.RELEASE\spring-cloud-starter-openfeign-2.2.1.RELEASE.jar;C:\Users\Administrator\maven\repository\org\springframework\cloud\spring-cloud-starter\2.2.1.RELEASE\spring-cloud-starter-2.2.1.RELEASE.jar;C:\Users\Administrator\maven\repository\org\springframework\cloud\spring-cloud-context\2.2.1.RELEASE\spring-cloud-context-2.2.1.RELEASE.jar;C:\Users\Administrator\maven\repository\org\springframework\security\spring-security-rsa\1.0.9.RELEASE\spring-security-rsa-1.0.9.RELEASE.jar;C:\Users\Administrator\maven\repository\org\bouncycastle\bcpkix-jdk15on\1.64\bcpkix-jdk15on-1.64.jar;C:\Users\Administrator\maven\repository\org\bouncycastle\bcprov-jdk15on\1.64\bcprov-jdk15on-1.64.jar;C:\Users\Administrator\maven\repository\org\springframework\cloud\spring-cloud-openfeign-core\2.2.1.RELEASE\spring-cloud-openfeign-core-2.2.1.RELEASE.jar;C:\Users\Administrator\maven\repository\org\springframework\boot\spring-boot-starter-aop\2.2.3.RELEASE\spring-boot-starter-aop-2.2.3.RELEASE.jar;C:\Users\Administrator\maven\repository\io\github\openfeign\form\feign-form-spring\3.8.0\feign-form-spring-3.8.0.jar;C:\Users\Administrator\maven\repository\io\github\openfeign\form\feign-form\3.8.0\feign-form-3.8.0.jar;C:\Users\Administrator\maven\repository\commons-fileupload\commons-fileupload\1.4\commons-fileupload-1.4.jar;C:\Users\Administrator\maven\repository\commons-io\commons-io\2.2\commons-io-2.2.jar;C:\Users\Administrator\maven\repository\org\springframework\spring-web\5.2.3.RELEASE\spring-web-5.2.3.RELEASE.jar;C:\Users\Administrator\maven\repository\org\springframework\spring-beans\5.2.3.RELEASE\spring-beans-5.2.3.RELEASE.jar;C:\Users\Administrator\maven\repository\org\springframework\cloud\spring-cloud-commons\2.2.1.RELEASE\spring-cloud-commons-2.2.1.RELEASE.jar;C:\Users\Administrator\maven\repository\org\springframework\security\spring-security-crypto\5.2.1.RELEASE\spring-security-crypto-5.2.1.RELEASE.jar;C:\Users\Administrator\maven\repository\io\github\openfeign\feign-core\10.4.0\feign-core-10.4.0.jar;C:\Users\Administrator\maven\repository\io\github\openfeign\feign-slf4j\10.4.0\feign-slf4j-10.4.0.jar;C:\Users\Administrator\maven\repository\io\github\openfeign\feign-hystrix\10.4.0\feign-hystrix-10.4.0.jar;C:\Users\Administrator\maven\repository\com\netflix\archaius\archaius-core\0.7.6\archaius-core-0.7.6.jar;C:\Users\Administrator\maven\repository\com\google\code\findbugs\jsr305\3.0.1\jsr305-3.0.1.jar;C:\Users\Administrator\maven\repository\org\springframework\boot\spring-boot-starter-actuator\2.2.3.RELEASE\spring-boot-starter-actuator-2.2.3.RELEASE.jar;C:\Users\Administrator\maven\repository\org\springframework\boot\spring-boot-actuator-autoconfigure\2.2.3.RELEASE\spring-boot-actuator-autoconfigure-2.2.3.RELEASE.jar;C:\Users\Administrator\maven\repository\org\springframework\boot\spring-boot-actuator\2.2.3.RELEASE\spring-boot-actuator-2.2.3.RELEASE.jar;C:\Users\Administrator\maven\repository\org\springframework\spring-context\5.2.3.RELEASE\spring-context-5.2.3.RELEASE.jar;C:\Users\Administrator\maven\repository\com\fasterxml\jackson\datatype\jackson-datatype-jsr310\2.10.2\jackson-datatype-jsr310-2.10.2.jar;C:\Users\Administrator\maven\repository\io\micrometer\micrometer-core\1.3.2\micrometer-core-1.3.2.jar;C:\Users\Administrator\maven\repository\org\hdrhistogram\HdrHistogram\2.1.11\HdrHistogram-2.1.11.jar;C:\Users\Administrator\maven\repository\org\latencyutils\LatencyUtils\2.0.3\LatencyUtils-2.0.3.jar;C:\Users\Administrator\maven\repository\org\springframework\cloud\spring-cloud-starter-netflix-hystrix\2.2.1.RELEASE\spring-cloud-starter-netflix-hystrix-2.2.1.RELEASE.jar;C:\Users\Administrator\maven\repository\org\springframework\cloud\spring-cloud-netflix-hystrix\2.2.1.RELEASE\spring-cloud-netflix-hystrix-2.2.1.RELEASE.jar;C:\Users\Administrator\maven\repository\org\springframework\cloud\spring-cloud-netflix-ribbon\2.2.1.RELEASE\spring-cloud-netflix-ribbon-2.2.1.RELEASE.jar;C:\Users\Administrator\maven\repository\org\springframework\cloud\spring-cloud-netflix-archaius\2.2.1.RELEASE\spring-cloud-netflix-archaius-2.2.1.RELEASE.jar;C:\Users\Administrator\maven\repository\org\springframework\cloud\spring-cloud-starter-netflix-archaius\2.2.1.RELEASE\spring-cloud-starter-netflix-archaius-2.2.1.RELEASE.jar;C:\Users\Administrator\maven\repository\commons-configuration\commons-configuration\1.8\commons-configuration-1.8.jar;C:\Users\Administrator\maven\repository\commons-lang\commons-lang\2.6\commons-lang-2.6.jar;C:\Users\Administrator\maven\repository\com\netflix\hystrix\hystrix-core\1.5.18\hystrix-core-1.5.18.jar;C:\Users\Administrator\maven\repository\io\reactivex\rxjava\1.3.8\rxjava-1.3.8.jar;C:\Users\Administrator\maven\repository\com\netflix\hystrix\hystrix-serialization\1.5.18\hystrix-serialization-1.5.18.jar;C:\Users\Administrator\maven\repository\com\fasterxml\jackson\module\jackson-module-afterburner\2.10.2\jackson-module-afterburner-2.10.2.jar;C:\Users\Administrator\maven\repository\com\fasterxml\jackson\core\jackson-core\2.10.2\jackson-core-2.10.2.jar;C:\Users\Administrator\maven\repository\com\fasterxml\jackson\core\jackson-annotations\2.10.2\jackson-annotations-2.10.2.jar;C:\Users\Administrator\maven\repository\com\netflix\hystrix\hystrix-metrics-event-stream\1.5.18\hystrix-metrics-event-stream-1.5.18.jar;C:\Users\Administrator\maven\repository\com\netflix\hystrix\hystrix-javanica\1.5.18\hystrix-javanica-1.5.18.jar;C:\Users\Administrator\maven\repository\org\ow2\asm\asm\5.0.4\asm-5.0.4.jar;C:\Users\Administrator\maven\repository\org\aspectj\aspectjweaver\1.9.5\aspectjweaver-1.9.5.jar;C:\Users\Administrator\maven\repository\io\reactivex\rxjava-reactive-streams\1.2.1\rxjava-reactive-streams-1.2.1.jar;C:\Users\Administrator\maven\repository\org\reactivestreams\reactive-streams\1.0.3\reactive-streams-1.0.3.jar;C:\Users\Administrator\maven\repository\org\springframework\cloud\spring-cloud-starter-config\2.2.1.RELEASE\spring-cloud-starter-config-2.2.1.RELEASE.jar;C:\Users\Administrator\maven\repository\org\springframework\cloud\spring-cloud-config-client\2.2.1.RELEASE\spring-cloud-config-client-2.2.1.RELEASE.jar;C:\Users\Administrator\maven\repository\com\fasterxml\jackson\core\jackson-databind\2.10.2\jackson-databind-2.10.2.jar;C:\Users\Administrator\maven\repository\org\springframework\boot\spring-boot-starter-amqp\2.2.3.RELEASE\spring-boot-starter-amqp-2.2.3.RELEASE.jar;C:\Users\Administrator\maven\repository\org\springframework\spring-messaging\5.2.3.RELEASE\spring-messaging-5.2.3.RELEASE.jar;C:\Users\Administrator\maven\repository\org\springframework\amqp\spring-rabbit\2.2.3.RELEASE\spring-rabbit-2.2.3.RELEASE.jar;C:\Users\Administrator\maven\repository\com\rabbitmq\amqp-client\5.7.3\amqp-client-5.7.3.jar;C:\Users\Administrator\maven\repository\org\springframework\amqp\spring-amqp\2.2.3.RELEASE\spring-amqp-2.2.3.RELEASE.jar;C:\Users\Administrator\maven\repository\org\springframework\spring-tx\5.2.3.RELEASE\spring-tx-5.2.3.RELEASE.jar;C:\Users\Administrator\maven\repository\org\springframework\cloud\spring-cloud-bus\2.2.0.RELEASE\spring-cloud-bus-2.2.0.RELEASE.jar;C:\Users\Administrator\maven\repository\org\springframework\cloud\spring-cloud-stream\3.0.1.RELEASE\spring-cloud-stream-3.0.1.RELEASE.jar;C:\Users\Administrator\maven\repository\org\springframework\integration\spring-integration-jmx\5.2.3.RELEASE\spring-integration-jmx-5.2.3.RELEASE.jar;C:\Users\Administrator\maven\repository\org\springframework\retry\spring-retry\1.2.5.RELEASE\spring-retry-1.2.5.RELEASE.jar;C:\Users\Administrator\maven\repository\org\springframework\cloud\spring-cloud-function-context\3.0.1.RELEASE\spring-cloud-function-context-3.0.1.RELEASE.jar;C:\Users\Administrator\maven\repository\org\springframework\cloud\spring-cloud-function-core\3.0.1.RELEASE\spring-cloud-function-core-3.0.1.RELEASE.jar;C:\Users\Administrator\maven\repository\org\springframework\integration\spring-integration-core\5.2.3.RELEASE\spring-integration-core-5.2.3.RELEASE.jar;C:\Users\Administrator\maven\repository\io\projectreactor\reactor-core\3.3.2.RELEASE\reactor-core-3.3.2.RELEASE.jar;C:\Users\Administrator\maven\repository\org\springframework\spring-aop\5.2.3.RELEASE\spring-aop-5.2.3.RELEASE.jar;C:\Users\Administrator\maven\repository\org\springframework\cloud\spring-cloud-starter-bus-amqp\2.2.0.RELEASE\spring-cloud-starter-bus-amqp-2.2.0.RELEASE.jar;C:\Users\Administrator\maven\repository\org\springframework\cloud\spring-cloud-starter-stream-rabbit\3.0.1.RELEASE\spring-cloud-starter-stream-rabbit-3.0.1.RELEASE.jar;C:\Users\Administrator\maven\repository\org\springframework\cloud\spring-cloud-stream-binder-rabbit\3.0.1.RELEASE\spring-cloud-stream-binder-rabbit-3.0.1.RELEASE.jar;C:\Users\Administrator\maven\repository\org\springframework\cloud\spring-cloud-stream-binder-rabbit-core\3.0.1.RELEASE\spring-cloud-stream-binder-rabbit-core-3.0.1.RELEASE.jar;C:\Users\Administrator\maven\repository\org\springframework\integration\spring-integration-amqp\5.2.3.RELEASE\spring-integration-amqp-5.2.3.RELEASE.jar;C:\Users\Administrator\maven\repository\com\rabbitmq\http-client\2.1.0.RELEASE\http-client-2.1.0.RELEASE.jar;C:\Users\Administrator\maven\repository\org\springframework\boot\spring-boot-starter\2.2.3.RELEASE\spring-boot-starter-2.2.3.RELEASE.jar;C:\Users\Administrator\maven\repository\org\springframework\boot\spring-boot\2.2.3.RELEASE\spring-boot-2.2.3.RELEASE.jar;C:\Users\Administrator\maven\repository\org\springframework\boot\spring-boot-starter-logging\2.2.3.RELEASE\spring-boot-starter-logging-2.2.3.RELEASE.jar;C:\Users\Administrator\maven\repository\ch\qos\logback\logback-classic\1.2.3\logback-classic-1.2.3.jar;C:\Users\Administrator\maven\repository\ch\qos\logback\logback-core\1.2.3\logback-core-1.2.3.jar;C:\Users\Administrator\maven\repository\org\apache\logging\log4j\log4j-to-slf4j\2.12.1\log4j-to-slf4j-2.12.1.jar;C:\Users\Administrator\maven\repository\org\apache\logging\log4j\log4j-api\2.12.1\log4j-api-2.12.1.jar;C:\Users\Administrator\maven\repository\org\slf4j\jul-to-slf4j\1.7.30\jul-to-slf4j-1.7.30.jar;C:\Users\Administrator\maven\repository\jakarta\annotation\jakarta.annotation-api\1.3.5\jakarta.annotation-api-1.3.5.jar;C:\Users\Administrator\maven\repository\org\springframework\spring-core\5.2.3.RELEASE\spring-core-5.2.3.RELEASE.jar;C:\Users\Administrator\maven\repository\org\springframework\spring-jcl\5.2.3.RELEASE\spring-jcl-5.2.3.RELEASE.jar;C:\Users\Administrator\maven\repository\org\yaml\snakeyaml\1.25\snakeyaml-1.25.jar;"/>
    <property name="java.vm.vendor" value="Oracle Corporation"/>
    <property name="sun.arch.data.model" value="64"/>
    <property name="user.variant" value=""/>
    <property name="java.vendor.url" value="http://java.oracle.com/"/>
    <property name="user.timezone" value="Asia/Shanghai"/>
    <property name="java.vm.specification.version" value="1.8"/>
    <property name="os.name" value="Windows 7"/>
    <property name="user.country" value="CN"/>
    <property name="sun.java.launcher" value="SUN_STANDARD"/>
    <property name="sun.boot.library.path" value="F:\CGB\javaVip\jdk1.8.0_45\jre\bin"/>
    <property name="sun.java.command" value="C:\Users\ADMINI~1\AppData\Local\Temp\surefire1484222245048537848\surefirebooter3544869822716757510.jar C:\Users\Administrator\AppData\Local\Temp\surefire1484222245048537848 2020-01-19T12-46-10_355-jvmRun1 surefire8583138423906313726tmp surefire_02150960101895191170tmp"/>
    <property name="surefire.test.class.path" value="F:\Users\Administrator\git\SpringCloud\jt\jt-user\target\test-classes;F:\Users\Administrator\git\SpringCloud\jt\jt-user\target\classes;F:\Users\Administrator\git\SpringCloud\jt\jt-common\target\jt-common-0.0.1-SNAPSHOT.jar;C:\Users\Administrator\maven\repository\redis\clients\jedis\3.1.0\jedis-3.1.0.jar;C:\Users\Administrator\maven\repository\org\apache\commons\commons-pool2\2.7.0\commons-pool2-2.7.0.jar;C:\Users\Administrator\maven\repository\org\apache\commons\commons-lang3\3.9\commons-lang3-3.9.jar;C:\Users\Administrator\maven\repository\com\alibaba\fastjson\1.2.4\fastjson-1.2.4.jar;C:\Users\Administrator\maven\repository\org\springframework\cloud\spring-cloud-starter-netflix-eureka-client\2.2.1.RELEASE\spring-cloud-starter-netflix-eureka-client-2.2.1.RELEASE.jar;C:\Users\Administrator\maven\repository\org\springframework\cloud\spring-cloud-netflix-eureka-client\2.2.1.RELEASE\spring-cloud-netflix-eureka-client-2.2.1.RELEASE.jar;C:\Users\Administrator\maven\repository\com\netflix\eureka\eureka-client\1.9.13\eureka-client-1.9.13.jar;C:\Users\Administrator\maven\repository\org\codehaus\jettison\jettison\1.3.7\jettison-1.3.7.jar;C:\Users\Administrator\maven\repository\stax\stax-api\1.0.1\stax-api-1.0.1.jar;C:\Users\Administrator\maven\repository\com\netflix\netflix-commons\netflix-eventbus\0.3.0\netflix-eventbus-0.3.0.jar;C:\Users\Administrator\maven\repository\com\netflix\netflix-commons\netflix-infix\0.3.0\netflix-infix-0.3.0.jar;C:\Users\Administrator\maven\repository\commons-jxpath\commons-jxpath\1.3\commons-jxpath-1.3.jar;C:\Users\Administrator\maven\repository\joda-time\joda-time\2.10.5\joda-time-2.10.5.jar;C:\Users\Administrator\maven\repository\org\antlr\antlr-runtime\3.4\antlr-runtime-3.4.jar;C:\Users\Administrator\maven\repository\org\antlr\stringtemplate\3.2.1\stringtemplate-3.2.1.jar;C:\Users\Administrator\maven\repository\antlr\antlr\2.7.7\antlr-2.7.7.jar;C:\Users\Administrator\maven\repository\com\google\code\gson\gson\2.8.6\gson-2.8.6.jar;C:\Users\Administrator\maven\repository\org\apache\commons\commons-math\2.2\commons-math-2.2.jar;C:\Users\Administrator\maven\repository\javax\ws\rs\jsr311-api\1.1.1\jsr311-api-1.1.1.jar;C:\Users\Administrator\maven\repository\com\netflix\servo\servo-core\0.12.21\servo-core-0.12.21.jar;C:\Users\Administrator\maven\repository\com\sun\jersey\jersey-core\1.19.1\jersey-core-1.19.1.jar;C:\Users\Administrator\maven\repository\com\sun\jersey\jersey-client\1.19.1\jersey-client-1.19.1.jar;C:\Users\Administrator\maven\repository\com\sun\jersey\contribs\jersey-apache-client4\1.19.1\jersey-apache-client4-1.19.1.jar;C:\Users\Administrator\maven\repository\org\apache\httpcomponents\httpclient\4.5.10\httpclient-4.5.10.jar;C:\Users\Administrator\maven\repository\org\apache\httpcomponents\httpcore\4.4.13\httpcore-4.4.13.jar;C:\Users\Administrator\maven\repository\com\google\inject\guice\4.1.0\guice-4.1.0.jar;C:\Users\Administrator\maven\repository\javax\inject\javax.inject\1\javax.inject-1.jar;C:\Users\Administrator\maven\repository\aopalliance\aopalliance\1.0\aopalliance-1.0.jar;C:\Users\Administrator\maven\repository\com\netflix\eureka\eureka-core\1.9.13\eureka-core-1.9.13.jar;C:\Users\Administrator\maven\repository\com\fasterxml\woodstox\woodstox-core\5.2.1\woodstox-core-5.2.1.jar;C:\Users\Administrator\maven\repository\org\codehaus\woodstox\stax2-api\4.2\stax2-api-4.2.jar;C:\Users\Administrator\maven\repository\org\springframework\cloud\spring-cloud-starter-netflix-ribbon\2.2.1.RELEASE\spring-cloud-starter-netflix-ribbon-2.2.1.RELEASE.jar;C:\Users\Administrator\maven\repository\com\netflix\ribbon\ribbon\2.3.0\ribbon-2.3.0.jar;C:\Users\Administrator\maven\repository\com\netflix\ribbon\ribbon-transport\2.3.0\ribbon-transport-2.3.0.jar;C:\Users\Administrator\maven\repository\io\reactivex\rxnetty-contexts\0.4.9\rxnetty-contexts-0.4.9.jar;C:\Users\Administrator\maven\repository\io\reactivex\rxnetty-servo\0.4.9\rxnetty-servo-0.4.9.jar;C:\Users\Administrator\maven\repository\io\reactivex\rxnetty\0.4.9\rxnetty-0.4.9.jar;C:\Users\Administrator\maven\repository\com\netflix\ribbon\ribbon-core\2.3.0\ribbon-core-2.3.0.jar;C:\Users\Administrator\maven\repository\com\netflix\ribbon\ribbon-httpclient\2.3.0\ribbon-httpclient-2.3.0.jar;C:\Users\Administrator\maven\repository\commons-collections\commons-collections\3.2.2\commons-collections-3.2.2.jar;C:\Users\Administrator\maven\repository\com\netflix\netflix-commons\netflix-commons-util\0.3.0\netflix-commons-util-0.3.0.jar;C:\Users\Administrator\maven\repository\com\netflix\ribbon\ribbon-loadbalancer\2.3.0\ribbon-loadbalancer-2.3.0.jar;C:\Users\Administrator\maven\repository\com\netflix\netflix-commons\netflix-statistics\0.1.1\netflix-statistics-0.1.1.jar;C:\Users\Administrator\maven\repository\org\springframework\cloud\spring-cloud-starter-loadbalancer\2.2.1.RELEASE\spring-cloud-starter-loadbalancer-2.2.1.RELEASE.jar;C:\Users\Administrator\maven\repository\org\springframework\cloud\spring-cloud-loadbalancer\2.2.1.RELEASE\spring-cloud-loadbalancer-2.2.1.RELEASE.jar;C:\Users\Administrator\maven\repository\io\projectreactor\addons\reactor-extra\3.3.2.RELEASE\reactor-extra-3.3.2.RELEASE.jar;C:\Users\Administrator\maven\repository\org\springframework\boot\spring-boot-starter-cache\2.2.3.RELEASE\spring-boot-starter-cache-2.2.3.RELEASE.jar;C:\Users\Administrator\maven\repository\com\stoyanr\evictor\1.0.0\evictor-1.0.0.jar;C:\Users\Administrator\maven\repository\com\netflix\ribbon\ribbon-eureka\2.3.0\ribbon-eureka-2.3.0.jar;C:\Users\Administrator\maven\repository\com\thoughtworks\xstream\xstream\1.4.11.1\xstream-1.4.11.1.jar;C:\Users\Administrator\maven\repository\xmlpull\xmlpull\1.1.3.1\xmlpull-1.1.3.1.jar;C:\Users\Administrator\maven\repository\xpp3\xpp3_min\1.1.4c\xpp3_min-1.1.4c.jar;C:\Users\Administrator\maven\repository\org\springframework\boot\spring-boot-starter-web\2.2.3.RELEASE\spring-boot-starter-web-2.2.3.RELEASE.jar;C:\Users\Administrator\maven\repository\org\springframework\boot\spring-boot-starter-json\2.2.3.RELEASE\spring-boot-starter-json-2.2.3.RELEASE.jar;C:\Users\Administrator\maven\repository\com\fasterxml\jackson\datatype\jackson-datatype-jdk8\2.10.2\jackson-datatype-jdk8-2.10.2.jar;C:\Users\Administrator\maven\repository\com\fasterxml\jackson\module\jackson-module-parameter-names\2.10.2\jackson-module-parameter-names-2.10.2.jar;C:\Users\Administrator\maven\repository\org\springframework\boot\spring-boot-starter-tomcat\2.2.3.RELEASE\spring-boot-starter-tomcat-2.2.3.RELEASE.jar;C:\Users\Administrator\maven\repository\org\apache\tomcat\embed\tomcat-embed-core\9.0.30\tomcat-embed-core-9.0.30.jar;C:\Users\Administrator\maven\repository\org\apache\tomcat\embed\tomcat-embed-el\9.0.30\tomcat-embed-el-9.0.30.jar;C:\Users\Administrator\maven\repository\org\apache\tomcat\embed\tomcat-embed-websocket\9.0.30\tomcat-embed-websocket-9.0.30.jar;C:\Users\Administrator\maven\repository\org\springframework\boot\spring-boot-starter-validation\2.2.3.RELEASE\spring-boot-starter-validation-2.2.3.RELEASE.jar;C:\Users\Administrator\maven\repository\jakarta\validation\jakarta.validation-api\2.0.2\jakarta.validation-api-2.0.2.jar;C:\Users\Administrator\maven\repository\org\hibernate\validator\hibernate-validator\6.0.18.Final\hibernate-validator-6.0.18.Final.jar;C:\Users\Administrator\maven\repository\org\jboss\logging\jboss-logging\3.4.1.Final\jboss-logging-3.4.1.Final.jar;C:\Users\Administrator\maven\repository\org\springframework\spring-webmvc\5.2.3.RELEASE\spring-webmvc-5.2.3.RELEASE.jar;C:\Users\Administrator\maven\repository\org\springframework\spring-expression\5.2.3.RELEASE\spring-expression-5.2.3.RELEASE.jar;C:\Users\Administrator\maven\repository\org\projectlombok\lombok\1.18.10\lombok-1.18.10.jar;C:\Users\Administrator\maven\repository\org\springframework\boot\spring-boot-starter-test\2.2.3.RELEASE\spring-boot-starter-test-2.2.3.RELEASE.jar;C:\Users\Administrator\maven\repository\org\springframework\boot\spring-boot-test\2.2.3.RELEASE\spring-boot-test-2.2.3.RELEASE.jar;C:\Users\Administrator\maven\repository\org\springframework\boot\spring-boot-test-autoconfigure\2.2.3.RELEASE\spring-boot-test-autoconfigure-2.2.3.RELEASE.jar;C:\Users\Administrator\maven\repository\com\jayway\jsonpath\json-path\2.4.0\json-path-2.4.0.jar;C:\Users\Administrator\maven\repository\net\minidev\json-smart\2.3\json-smart-2.3.jar;C:\Users\Administrator\maven\repository\net\minidev\accessors-smart\1.2\accessors-smart-1.2.jar;C:\Users\Administrator\maven\repository\jakarta\xml\bind\jakarta.xml.bind-api\2.3.2\jakarta.xml.bind-api-2.3.2.jar;C:\Users\Administrator\maven\repository\jakarta\activation\jakarta.activation-api\1.2.1\jakarta.activation-api-1.2.1.jar;C:\Users\Administrator\maven\repository\org\junit\jupiter\junit-jupiter\5.5.2\junit-jupiter-5.5.2.jar;C:\Users\Administrator\maven\repository\org\junit\jupiter\junit-jupiter-api\5.5.2\junit-jupiter-api-5.5.2.jar;C:\Users\Administrator\maven\repository\org\opentest4j\opentest4j\1.2.0\opentest4j-1.2.0.jar;C:\Users\Administrator\maven\repository\org\junit\platform\junit-platform-commons\1.5.2\junit-platform-commons-1.5.2.jar;C:\Users\Administrator\maven\repository\org\junit\jupiter\junit-jupiter-params\5.5.2\junit-jupiter-params-5.5.2.jar;C:\Users\Administrator\maven\repository\org\junit\jupiter\junit-jupiter-engine\5.5.2\junit-jupiter-engine-5.5.2.jar;C:\Users\Administrator\maven\repository\org\junit\vintage\junit-vintage-engine\5.5.2\junit-vintage-engine-5.5.2.jar;C:\Users\Administrator\maven\repository\org\apiguardian\apiguardian-api\1.1.0\apiguardian-api-1.1.0.jar;C:\Users\Administrator\maven\repository\org\junit\platform\junit-platform-engine\1.5.2\junit-platform-engine-1.5.2.jar;C:\Users\Administrator\maven\repository\org\mockito\mockito-junit-jupiter\3.1.0\mockito-junit-jupiter-3.1.0.jar;C:\Users\Administrator\maven\repository\org\assertj\assertj-core\3.13.2\assertj-core-3.13.2.jar;C:\Users\Administrator\maven\repository\org\hamcrest\hamcrest\2.1\hamcrest-2.1.jar;C:\Users\Administrator\maven\repository\org\mockito\mockito-core\3.1.0\mockito-core-3.1.0.jar;C:\Users\Administrator\maven\repository\net\bytebuddy\byte-buddy\1.10.6\byte-buddy-1.10.6.jar;C:\Users\Administrator\maven\repository\net\bytebuddy\byte-buddy-agent\1.10.6\byte-buddy-agent-1.10.6.jar;C:\Users\Administrator\maven\repository\org\objenesis\objenesis\2.6\objenesis-2.6.jar;C:\Users\Administrator\maven\repository\org\skyscreamer\jsonassert\1.5.0\jsonassert-1.5.0.jar;C:\Users\Administrator\maven\repository\com\vaadin\external\google\android-json\0.0.20131108.vaadin1\android-json-0.0.20131108.vaadin1.jar;C:\Users\Administrator\maven\repository\org\springframework\spring-test\5.2.3.RELEASE\spring-test-5.2.3.RELEASE.jar;C:\Users\Administrator\maven\repository\org\xmlunit\xmlunit-core\2.6.3\xmlunit-core-2.6.3.jar;C:\Users\Administrator\maven\repository\io\springfox\springfox-swagger2\2.8.0\springfox-swagger2-2.8.0.jar;C:\Users\Administrator\maven\repository\io\swagger\swagger-annotations\1.5.14\swagger-annotations-1.5.14.jar;C:\Users\Administrator\maven\repository\io\swagger\swagger-models\1.5.14\swagger-models-1.5.14.jar;C:\Users\Administrator\maven\repository\io\springfox\springfox-spi\2.8.0\springfox-spi-2.8.0.jar;C:\Users\Administrator\maven\repository\io\springfox\springfox-core\2.8.0\springfox-core-2.8.0.jar;C:\Users\Administrator\maven\repository\io\springfox\springfox-schema\2.8.0\springfox-schema-2.8.0.jar;C:\Users\Administrator\maven\repository\io\springfox\springfox-swagger-common\2.8.0\springfox-swagger-common-2.8.0.jar;C:\Users\Administrator\maven\repository\io\springfox\springfox-spring-web\2.8.0\springfox-spring-web-2.8.0.jar;C:\Users\Administrator\maven\repository\org\reflections\reflections\0.9.11\reflections-0.9.11.jar;C:\Users\Administrator\maven\repository\org\javassist\javassist\3.21.0-GA\javassist-3.21.0-GA.jar;C:\Users\Administrator\maven\repository\com\google\guava\guava\20.0\guava-20.0.jar;C:\Users\Administrator\maven\repository\com\fasterxml\classmate\1.5.1\classmate-1.5.1.jar;C:\Users\Administrator\maven\repository\org\springframework\plugin\spring-plugin-core\1.2.0.RELEASE\spring-plugin-core-1.2.0.RELEASE.jar;C:\Users\Administrator\maven\repository\org\springframework\plugin\spring-plugin-metadata\1.2.0.RELEASE\spring-plugin-metadata-1.2.0.RELEASE.jar;C:\Users\Administrator\maven\repository\org\mapstruct\mapstruct\1.2.0.Final\mapstruct-1.2.0.Final.jar;C:\Users\Administrator\maven\repository\io\springfox\springfox-swagger-ui\2.8.0\springfox-swagger-ui-2.8.0.jar;C:\Users\Administrator\maven\repository\org\springframework\boot\spring-boot-devtools\2.2.3.RELEASE\spring-boot-devtools-2.2.3.RELEASE.jar;C:\Users\Administrator\maven\repository\com\auth0\java-jwt\3.8.2\java-jwt-3.8.2.jar;C:\Users\Administrator\maven\repository\org\springframework\boot\spring-boot-starter-redis\1.4.6.RELEASE\spring-boot-starter-redis-1.4.6.RELEASE.jar;C:\Users\Administrator\maven\repository\org\springframework\data\spring-data-redis\2.2.4.RELEASE\spring-data-redis-2.2.4.RELEASE.jar;C:\Users\Administrator\maven\repository\org\springframework\data\spring-data-keyvalue\2.2.4.RELEASE\spring-data-keyvalue-2.2.4.RELEASE.jar;C:\Users\Administrator\maven\repository\org\springframework\data\spring-data-commons\2.2.4.RELEASE\spring-data-commons-2.2.4.RELEASE.jar;C:\Users\Administrator\maven\repository\org\springframework\spring-oxm\5.2.3.RELEASE\spring-oxm-5.2.3.RELEASE.jar;C:\Users\Administrator\maven\repository\org\springframework\spring-context-support\5.2.3.RELEASE\spring-context-support-5.2.3.RELEASE.jar;C:\Users\Administrator\maven\repository\com\alibaba\druid-spring-boot-starter\1.1.9\druid-spring-boot-starter-1.1.9.jar;C:\Users\Administrator\maven\repository\org\slf4j\slf4j-api\1.7.30\slf4j-api-1.7.30.jar;C:\Users\Administrator\maven\repository\org\springframework\boot\spring-boot-autoconfigure\2.2.3.RELEASE\spring-boot-autoconfigure-2.2.3.RELEASE.jar;C:\Users\Administrator\maven\repository\mysql\mysql-connector-java\8.0.19\mysql-connector-java-8.0.19.jar;C:\Users\Administrator\maven\repository\junit\junit\4.12\junit-4.12.jar;C:\Users\Administrator\maven\repository\org\hamcrest\hamcrest-core\2.1\hamcrest-core-2.1.jar;C:\Users\Administrator\maven\repository\commons-codec\commons-codec\1.13\commons-codec-1.13.jar;C:\Users\Administrator\maven\repository\com\alibaba\druid\1.0.29\druid-1.0.29.jar;F:\CGB\javaVip\jdk1.8.0_45\jre\..\lib\jconsole.jar;F:\CGB\javaVip\jdk1.8.0_45\jre\..\lib\tools.jar;C:\Users\Administrator\maven\repository\com\baomidou\mybatis-plus\2.3\mybatis-plus-2.3.jar;C:\Users\Administrator\maven\repository\com\baomidou\mybatis-plus-support\2.3\mybatis-plus-support-2.3.jar;C:\Users\Administrator\maven\repository\com\baomidou\mybatis-plus-core\2.3\mybatis-plus-core-2.3.jar;C:\Users\Administrator\maven\repository\com\github\jsqlparser\jsqlparser\1.1\jsqlparser-1.1.jar;C:\Users\Administrator\maven\repository\com\baomidou\mybatis-plus-generate\2.3\mybatis-plus-generate-2.3.jar;C:\Users\Administrator\maven\repository\org\mybatis\spring\boot\mybatis-spring-boot-starter\1.3.2\mybatis-spring-boot-starter-1.3.2.jar;C:\Users\Administrator\maven\repository\org\springframework\boot\spring-boot-starter-jdbc\2.2.3.RELEASE\spring-boot-starter-jdbc-2.2.3.RELEASE.jar;C:\Users\Administrator\maven\repository\com\zaxxer\HikariCP\3.4.2\HikariCP-3.4.2.jar;C:\Users\Administrator\maven\repository\org\springframework\spring-jdbc\5.2.3.RELEASE\spring-jdbc-5.2.3.RELEASE.jar;C:\Users\Administrator\maven\repository\org\mybatis\spring\boot\mybatis-spring-boot-autoconfigure\1.3.2\mybatis-spring-boot-autoconfigure-1.3.2.jar;C:\Users\Administrator\maven\repository\org\mybatis\mybatis\3.4.6\mybatis-3.4.6.jar;C:\Users\Administrator\maven\repository\org\mybatis\mybatis-spring\1.3.2\mybatis-spring-1.3.2.jar;C:\Users\Administrator\maven\repository\org\springframework\cloud\spring-cloud-starter-openfeign\2.2.1.RELEASE\spring-cloud-starter-openfeign-2.2.1.RELEASE.jar;C:\Users\Administrator\maven\repository\org\springframework\cloud\spring-cloud-starter\2.2.1.RELEASE\spring-cloud-starter-2.2.1.RELEASE.jar;C:\Users\Administrator\maven\repository\org\springframework\cloud\spring-cloud-context\2.2.1.RELEASE\spring-cloud-context-2.2.1.RELEASE.jar;C:\Users\Administrator\maven\repository\org\springframework\security\spring-security-rsa\1.0.9.RELEASE\spring-security-rsa-1.0.9.RELEASE.jar;C:\Users\Administrator\maven\repository\org\bouncycastle\bcpkix-jdk15on\1.64\bcpkix-jdk15on-1.64.jar;C:\Users\Administrator\maven\repository\org\bouncycastle\bcprov-jdk15on\1.64\bcprov-jdk15on-1.64.jar;C:\Users\Administrator\maven\repository\org\springframework\cloud\spring-cloud-openfeign-core\2.2.1.RELEASE\spring-cloud-openfeign-core-2.2.1.RELEASE.jar;C:\Users\Administrator\maven\repository\org\springframework\boot\spring-boot-starter-aop\2.2.3.RELEASE\spring-boot-starter-aop-2.2.3.RELEASE.jar;C:\Users\Administrator\maven\repository\io\github\openfeign\form\feign-form-spring\3.8.0\feign-form-spring-3.8.0.jar;C:\Users\Administrator\maven\repository\io\github\openfeign\form\feign-form\3.8.0\feign-form-3.8.0.jar;C:\Users\Administrator\maven\repository\commons-fileupload\commons-fileupload\1.4\commons-fileupload-1.4.jar;C:\Users\Administrator\maven\repository\commons-io\commons-io\2.2\commons-io-2.2.jar;C:\Users\Administrator\maven\repository\org\springframework\spring-web\5.2.3.RELEASE\spring-web-5.2.3.RELEASE.jar;C:\Users\Administrator\maven\repository\org\springframework\spring-beans\5.2.3.RELEASE\spring-beans-5.2.3.RELEASE.jar;C:\Users\Administrator\maven\repository\org\springframework\cloud\spring-cloud-commons\2.2.1.RELEASE\spring-cloud-commons-2.2.1.RELEASE.jar;C:\Users\Administrator\maven\repository\org\springframework\security\spring-security-crypto\5.2.1.RELEASE\spring-security-crypto-5.2.1.RELEASE.jar;C:\Users\Administrator\maven\repository\io\github\openfeign\feign-core\10.4.0\feign-core-10.4.0.jar;C:\Users\Administrator\maven\repository\io\github\openfeign\feign-slf4j\10.4.0\feign-slf4j-10.4.0.jar;C:\Users\Administrator\maven\repository\io\github\openfeign\feign-hystrix\10.4.0\feign-hystrix-10.4.0.jar;C:\Users\Administrator\maven\repository\com\netflix\archaius\archaius-core\0.7.6\archaius-core-0.7.6.jar;C:\Users\Administrator\maven\repository\com\google\code\findbugs\jsr305\3.0.1\jsr305-3.0.1.jar;C:\Users\Administrator\maven\repository\org\springframework\boot\spring-boot-starter-actuator\2.2.3.RELEASE\spring-boot-starter-actuator-2.2.3.RELEASE.jar;C:\Users\Administrator\maven\repository\org\springframework\boot\spring-boot-actuator-autoconfigure\2.2.3.RELEASE\spring-boot-actuator-autoconfigure-2.2.3.RELEASE.jar;C:\Users\Administrator\maven\repository\org\springframework\boot\spring-boot-actuator\2.2.3.RELEASE\spring-boot-actuator-2.2.3.RELEASE.jar;C:\Users\Administrator\maven\repository\org\springframework\spring-context\5.2.3.RELEASE\spring-context-5.2.3.RELEASE.jar;C:\Users\Administrator\maven\repository\com\fasterxml\jackson\datatype\jackson-datatype-jsr310\2.10.2\jackson-datatype-jsr310-2.10.2.jar;C:\Users\Administrator\maven\repository\io\micrometer\micrometer-core\1.3.2\micrometer-core-1.3.2.jar;C:\Users\Administrator\maven\repository\org\hdrhistogram\HdrHistogram\2.1.11\HdrHistogram-2.1.11.jar;C:\Users\Administrator\maven\repository\org\latencyutils\LatencyUtils\2.0.3\LatencyUtils-2.0.3.jar;C:\Users\Administrator\maven\repository\org\springframework\cloud\spring-cloud-starter-netflix-hystrix\2.2.1.RELEASE\spring-cloud-starter-netflix-hystrix-2.2.1.RELEASE.jar;C:\Users\Administrator\maven\repository\org\springframework\cloud\spring-cloud-netflix-hystrix\2.2.1.RELEASE\spring-cloud-netflix-hystrix-2.2.1.RELEASE.jar;C:\Users\Administrator\maven\repository\org\springframework\cloud\spring-cloud-netflix-ribbon\2.2.1.RELEASE\spring-cloud-netflix-ribbon-2.2.1.RELEASE.jar;C:\Users\Administrator\maven\repository\org\springframework\cloud\spring-cloud-netflix-archaius\2.2.1.RELEASE\spring-cloud-netflix-archaius-2.2.1.RELEASE.jar;C:\Users\Administrator\maven\repository\org\springframework\cloud\spring-cloud-starter-netflix-archaius\2.2.1.RELEASE\spring-cloud-starter-netflix-archaius-2.2.1.RELEASE.jar;C:\Users\Administrator\maven\repository\commons-configuration\commons-configuration\1.8\commons-configuration-1.8.jar;C:\Users\Administrator\maven\repository\commons-lang\commons-lang\2.6\commons-lang-2.6.jar;C:\Users\Administrator\maven\repository\com\netflix\hystrix\hystrix-core\1.5.18\hystrix-core-1.5.18.jar;C:\Users\Administrator\maven\repository\io\reactivex\rxjava\1.3.8\rxjava-1.3.8.jar;C:\Users\Administrator\maven\repository\com\netflix\hystrix\hystrix-serialization\1.5.18\hystrix-serialization-1.5.18.jar;C:\Users\Administrator\maven\repository\com\fasterxml\jackson\module\jackson-module-afterburner\2.10.2\jackson-module-afterburner-2.10.2.jar;C:\Users\Administrator\maven\repository\com\fasterxml\jackson\core\jackson-core\2.10.2\jackson-core-2.10.2.jar;C:\Users\Administrator\maven\repository\com\fasterxml\jackson\core\jackson-annotations\2.10.2\jackson-annotations-2.10.2.jar;C:\Users\Administrator\maven\repository\com\netflix\hystrix\hystrix-metrics-event-stream\1.5.18\hystrix-metrics-event-stream-1.5.18.jar;C:\Users\Administrator\maven\repository\com\netflix\hystrix\hystrix-javanica\1.5.18\hystrix-javanica-1.5.18.jar;C:\Users\Administrator\maven\repository\org\ow2\asm\asm\5.0.4\asm-5.0.4.jar;C:\Users\Administrator\maven\repository\org\aspectj\aspectjweaver\1.9.5\aspectjweaver-1.9.5.jar;C:\Users\Administrator\maven\repository\io\reactivex\rxjava-reactive-streams\1.2.1\rxjava-reactive-streams-1.2.1.jar;C:\Users\Administrator\maven\repository\org\reactivestreams\reactive-streams\1.0.3\reactive-streams-1.0.3.jar;C:\Users\Administrator\maven\repository\org\springframework\cloud\spring-cloud-starter-config\2.2.1.RELEASE\spring-cloud-starter-config-2.2.1.RELEASE.jar;C:\Users\Administrator\maven\repository\org\springframework\cloud\spring-cloud-config-client\2.2.1.RELEASE\spring-cloud-config-client-2.2.1.RELEASE.jar;C:\Users\Administrator\maven\repository\com\fasterxml\jackson\core\jackson-databind\2.10.2\jackson-databind-2.10.2.jar;C:\Users\Administrator\maven\repository\org\springframework\boot\spring-boot-starter-amqp\2.2.3.RELEASE\spring-boot-starter-amqp-2.2.3.RELEASE.jar;C:\Users\Administrator\maven\repository\org\springframework\spring-messaging\5.2.3.RELEASE\spring-messaging-5.2.3.RELEASE.jar;C:\Users\Administrator\maven\repository\org\springframework\amqp\spring-rabbit\2.2.3.RELEASE\spring-rabbit-2.2.3.RELEASE.jar;C:\Users\Administrator\maven\repository\com\rabbitmq\amqp-client\5.7.3\amqp-client-5.7.3.jar;C:\Users\Administrator\maven\repository\org\springframework\amqp\spring-amqp\2.2.3.RELEASE\spring-amqp-2.2.3.RELEASE.jar;C:\Users\Administrator\maven\repository\org\springframework\spring-tx\5.2.3.RELEASE\spring-tx-5.2.3.RELEASE.jar;C:\Users\Administrator\maven\repository\org\springframework\cloud\spring-cloud-bus\2.2.0.RELEASE\spring-cloud-bus-2.2.0.RELEASE.jar;C:\Users\Administrator\maven\repository\org\springframework\cloud\spring-cloud-stream\3.0.1.RELEASE\spring-cloud-stream-3.0.1.RELEASE.jar;C:\Users\Administrator\maven\repository\org\springframework\integration\spring-integration-jmx\5.2.3.RELEASE\spring-integration-jmx-5.2.3.RELEASE.jar;C:\Users\Administrator\maven\repository\org\springframework\retry\spring-retry\1.2.5.RELEASE\spring-retry-1.2.5.RELEASE.jar;C:\Users\Administrator\maven\repository\org\springframework\cloud\spring-cloud-function-context\3.0.1.RELEASE\spring-cloud-function-context-3.0.1.RELEASE.jar;C:\Users\Administrator\maven\repository\org\springframework\cloud\spring-cloud-function-core\3.0.1.RELEASE\spring-cloud-function-core-3.0.1.RELEASE.jar;C:\Users\Administrator\maven\repository\org\springframework\integration\spring-integration-core\5.2.3.RELEASE\spring-integration-core-5.2.3.RELEASE.jar;C:\Users\Administrator\maven\repository\io\projectreactor\reactor-core\3.3.2.RELEASE\reactor-core-3.3.2.RELEASE.jar;C:\Users\Administrator\maven\repository\org\springframework\spring-aop\5.2.3.RELEASE\spring-aop-5.2.3.RELEASE.jar;C:\Users\Administrator\maven\repository\org\springframework\cloud\spring-cloud-starter-bus-amqp\2.2.0.RELEASE\spring-cloud-starter-bus-amqp-2.2.0.RELEASE.jar;C:\Users\Administrator\maven\repository\org\springframework\cloud\spring-cloud-starter-stream-rabbit\3.0.1.RELEASE\spring-cloud-starter-stream-rabbit-3.0.1.RELEASE.jar;C:\Users\Administrator\maven\repository\org\springframework\cloud\spring-cloud-stream-binder-rabbit\3.0.1.RELEASE\spring-cloud-stream-binder-rabbit-3.0.1.RELEASE.jar;C:\Users\Administrator\maven\repository\org\springframework\cloud\spring-cloud-stream-binder-rabbit-core\3.0.1.RELEASE\spring-cloud-stream-binder-rabbit-core-3.0.1.RELEASE.jar;C:\Users\Administrator\maven\repository\org\springframework\integration\spring-integration-amqp\5.2.3.RELEASE\spring-integration-amqp-5.2.3.RELEASE.jar;C:\Users\Administrator\maven\repository\com\rabbitmq\http-client\2.1.0.RELEASE\http-client-2.1.0.RELEASE.jar;C:\Users\Administrator\maven\repository\org\springframework\boot\spring-boot-starter\2.2.3.RELEASE\spring-boot-starter-2.2.3.RELEASE.jar;C:\Users\Administrator\maven\repository\org\springframework\boot\spring-boot\2.2.3.RELEASE\spring-boot-2.2.3.RELEASE.jar;C:\Users\Administrator\maven\repository\org\springframework\boot\spring-boot-starter-logging\2.2.3.RELEASE\spring-boot-starter-logging-2.2.3.RELEASE.jar;C:\Users\Administrator\maven\repository\ch\qos\logback\logback-classic\1.2.3\logback-classic-1.2.3.jar;C:\Users\Administrator\maven\repository\ch\qos\logback\logback-core\1.2.3\logback-core-1.2.3.jar;C:\Users\Administrator\maven\repository\org\apache\logging\log4j\log4j-to-slf4j\2.12.1\log4j-to-slf4j-2.12.1.jar;C:\Users\Administrator\maven\repository\org\apache\logging\log4j\log4j-api\2.12.1\log4j-api-2.12.1.jar;C:\Users\Administrator\maven\repository\org\slf4j\jul-to-slf4j\1.7.30\jul-to-slf4j-1.7.30.jar;C:\Users\Administrator\maven\repository\jakarta\annotation\jakarta.annotation-api\1.3.5\jakarta.annotation-api-1.3.5.jar;C:\Users\Administrator\maven\repository\org\springframework\spring-core\5.2.3.RELEASE\spring-core-5.2.3.RELEASE.jar;C:\Users\Administrator\maven\repository\org\springframework\spring-jcl\5.2.3.RELEASE\spring-jcl-5.2.3.RELEASE.jar;C:\Users\Administrator\maven\repository\org\yaml\snakeyaml\1.25\snakeyaml-1.25.jar;"/>
    <property name="sun.cpu.endian" value="little"/>
    <property name="user.home" value="C:\Users\Administrator"/>
    <property name="user.language" value="zh"/>
    <property name="java.specification.vendor" value="Oracle Corporation"/>
    <property name="java.home" value="F:\CGB\javaVip\jdk1.8.0_45\jre"/>
    <property name="basedir" value="F:\Users\Administrator\git\SpringCloud\jt\jt-user"/>
    <property name="style.color" value="always"/>
    <property name="file.separator" value="\"/>
    <property name="line.separator" value="&#10;"/>
    <property name="java.vm.specification.vendor" value="Oracle Corporation"/>
    <property name="java.specification.name" value="Java Platform API Specification"/>
    <property name="java.awt.graphicsenv" value="sun.awt.Win32GraphicsEnvironment"/>
    <property name="surefire.real.class.path" value="C:\Users\ADMINI~1\AppData\Local\Temp\surefire1484222245048537848\surefirebooter3544869822716757510.jar"/>
    <property name="sun.boot.class.path" value="F:\CGB\javaVip\jdk1.8.0_45\jre\lib\resources.jar;F:\CGB\javaVip\jdk1.8.0_45\jre\lib\rt.jar;F:\CGB\javaVip\jdk1.8.0_45\jre\lib\sunrsasign.jar;F:\CGB\javaVip\jdk1.8.0_45\jre\lib\jsse.jar;F:\CGB\javaVip\jdk1.8.0_45\jre\lib\jce.jar;F:\CGB\javaVip\jdk1.8.0_45\jre\lib\charsets.jar;F:\CGB\javaVip\jdk1.8.0_45\jre\lib\jfr.jar;F:\CGB\javaVip\jdk1.8.0_45\jre\classes"/>
    <property name="user.script" value=""/>
    <property name="sun.management.compiler" value="HotSpot 64-Bit Tiered Compilers"/>
    <property name="java.runtime.version" value="1.8.0_45-b15"/>
    <property name="user.name" value="Administrator"/>
    <property name="path.separator" value=";"/>
    <property name="os.version" value="6.1"/>
    <property name="java.endorsed.dirs" value="F:\CGB\javaVip\jdk1.8.0_45\jre\lib\endorsed"/>
    <property name="java.runtime.name" value="Java(TM) SE Runtime Environment"/>
    <property name="file.encoding" value="GBK"/>
    <property name="java.vm.name" value="Java HotSpot(TM) 64-Bit Server VM"/>
    <property name="localRepository" value="C:\Users\Administrator\maven\repository"/>
    <property name="java.vendor.url.bug" value="http://bugreport.sun.com/bugreport/"/>
    <property name="java.io.tmpdir" value="C:\Users\ADMINI~1\AppData\Local\Temp\"/>
    <property name="java.version" value="1.8.0_45"/>
    <property name="user.dir" value="F:\Users\Administrator\git\SpringCloud\jt\jt-user"/>
    <property name="os.arch" value="amd64"/>
    <property name="java.vm.specification.name" value="Java Virtual Machine Specification"/>
    <property name="java.awt.printerjob" value="sun.awt.windows.WPrinterJob"/>
    <property name="sun.os.patch.level" value="Service Pack 1"/>
    <property name="java.library.path" value="F:\CGB\javaVip\jdk1.8.0_45\jre\bin;C:\Windows\Sun\Java\bin;C:\Windows\system32;C:\Windows;F:/CGB/javaVip/jdk1.8.0_45/bin/../jre/bin/server;F:/CGB/javaVip/jdk1.8.0_45/bin/../jre/bin;F:/CGB/javaVip/jdk1.8.0_45/bin/../jre/lib/amd64;F:\CGB\javaVip\jdk1.8.0_45\bin;F:\CGB\javaVip\jdk1.8.0_45\jre\bin;;C:\Windows\system32;C:\Windows;C:\Windows\system32\wbem;C:\Program Files (x86)\MySQL\MySQL Server 5.5\bin;D:\Program Files (x86)\MySQL\MySQL Server 5.5\bin;C:\Program Files\TortoiseSVN\bin;F:\JAVATOOLS-STSMAVEN\sts-4.2.2.RELEASE;;."/>
    <property name="java.vm.info" value="mixed mode"/>
    <property name="java.vendor" value="Oracle Corporation"/>
    <property name="java.vm.version" value="25.45-b02"/>
    <property name="java.ext.dirs" value="F:\CGB\javaVip\jdk1.8.0_45\jre\lib\ext;C:\Windows\Sun\Java\lib\ext"/>
    <property name="sun.io.unicode.encoding" value="UnicodeLittle"/>
    <property name="java.class.version" value="52.0"/>
  </properties>
  <testcase name="RedisTest" classname="com.wwy.userTest.UserTest" time="0"/>
</testsuite>